2022-12-01 00:12:28 Producer produced a message on the topic test 

2022-12-01 00:12:28 Record successfully written to the topic test message inserted  to the leader partition  

2022-12-01 00:12:28 Topic test created successfully , message  replicated successfully to all the partitions

2022-12-01 00:12:28 Pika version 1.3.1 connecting to ('::1', 5672, 0, 0)
2022-12-01 00:12:28 Socket connected: <socket.socket fd=632, family=AddressFamily.AF_INET6, type=SocketKind.SOCK_STREAM, proto=6, laddr=('::1', 1132, 0, 0), raddr=('::1', 5672, 0, 0)>
2022-12-01 00:12:28 Streaming transport linked up: (<pika.adapters.utils.io_services_utils._AsyncPlaintextTransport object at 0x000001D894CD3D90>, _StreamingProtocolShim: <SelectConnection PROTOCOL transport=<pika.adapters.utils.io_services_utils._AsyncPlaintextTransport object at 0x000001D894CD3D90> params=<ConnectionParameters host=localhost port=5672 virtual_host=/ ssl=False>>).
2022-12-01 00:12:28 AMQPConnector - reporting success: <SelectConnection OPEN transport=<pika.adapters.utils.io_services_utils._AsyncPlaintextTransport object at 0x000001D894CD3D90> params=<ConnectionParameters host=localhost port=5672 virtual_host=/ ssl=False>>
2022-12-01 00:12:28 AMQPConnectionWorkflow - reporting success: <SelectConnection OPEN transport=<pika.adapters.utils.io_services_utils._AsyncPlaintextTransport object at 0x000001D894CD3D90> params=<ConnectionParameters host=localhost port=5672 virtual_host=/ ssl=False>>
20222022-12-01 00:12:28 ERROR:Leader node failed,Consumer consumes from topictest from the replicas

s.io_services_utils._AsyncPlaintextTransport object at 0x000001D894CD3D90> params=<ConnectionParameters host=localhost port=5672 virtual_host=/ ssl=False>>
2022-12-01 00:12:28 Created channel=1
2022-12-01 00:12:28 Closing connection (200): Normal shutdown
2022-12-01 00:12:28 Closing channel (200): 'Normal shutdown' on <Channel number=1 OPEN conn=<SelectConnection OPEN transport=<pika.adapters.utils.io_services_utils._AsyncPlaintextTransport object at 0x000001D894CD3D90> params=<ConnectionParameters host=localhost port=5672 virtual_host=/ ssl=False>>>
2022-12-01 00:12:28 Received <Channel.CloseOk> on <Channel number=1 CLOSING conn=<SelectConnection OPEN transport=<pika.adapters.utils.io_services_utils._AsyncPlaintextTransport object at 0x000001D894CD3D90> params=<ConnectionParameters host=localhost port=5672 virtual_host=/ ssl=False>>>
2022-12-01 00:12:28 Closing connection (200): 'Normal shutdown'
2022-12-01 00:12:28 Aborting transport connection: state=1; <socket.socket fd=632, family=AddressFamily.AF_INET6, type=SocketKind.SOCK_STREAM, proto=6, laddr=('::1', 1132, 0, 0), raddr=('::1', 5672, 0, 0)>
2022-12-01 00:12:28 _AsyncTransportBase._initate_abort(): Initiating abrupt asynchronous transport shutdown: state=1; error=None; <socket.socket fd=632, family=AddressFamily.AF_INET6, type=SocketKind.SOCK_STREAM, proto=6, laddr=('::1', 1132, 0, 0), raddr=('::1', 5672, 0, 0)>
2022-12-01 00:12:28 Deactivating transport: state=1; <socket.socket fd=632, family=AddressFamily.AF_INET6, type=SocketKind.SOCK_STREAM, proto=6, laddr=('::1', 1132, 0, 0), raddr=('::1', 5672, 0, 0)>
2022-12-01 00:12:28 AMQP stack terminated, failed to connect, or aborted: opened=True, error-arg=None; pending-error=ConnectionClosedByClient: (200) 'Normal shutdown'
2022-12-01 00:12:28 Stack terminated due to ConnectionClosedByClient: (200) 'Normal shutdown'
2022-12-01 00:12:28 Closing transport socket and unlinking: state=3; <socket.socket fd=632, family=AddressFamily.AF_INET6, type=SocketKind.SOCK_STREAM, proto=6, laddr=('::1', 1132, 0, 0), raddr=('::1', 5672, 0, 0)>
2022-12-01 00:12:28 User-initiated close: result=BlockingConnection__OnClosedArgs(connection=<SelectConnection CLOSED transport=None params=<ConnectionParameters host=localhost port=5672 virtual_host=/ ssl=False>>, error=ConnectionClosedByClient: (200) 'Normal shutdown')
